<?xml version="1.0" encoding="UTF-8"?>
<testng-results skipped="0" failed="0" ignored="0" total="1" passed="1">
  <reporter-output>
  </reporter-output>
  <suite name="Smoke Suite" duration-ms="13973" started-at="2020-12-20T19:22:08 EST" finished-at="2020-12-20T19:22:22 EST">
    <groups>
    </groups>
    <test name="lifeline Test" duration-ms="13973" started-at="2020-12-20T19:22:08 EST" finished-at="2020-12-20T19:22:22 EST">
      <class name="com.assurancewireless.coverageMap.LifeLineserviceTest">
        <test-method status="PASS" signature="setup()[pri:0, instance:com.assurancewireless.coverageMap.LifeLineserviceTest@50a7bc6e]" name="setup" is-config="true" duration-ms="11900" started-at="2020-12-20T19:22:08 EST" finished-at="2020-12-20T19:22:20 EST">
          <reporter-output>
          </reporter-output>
        </test-method> <!-- setup -->
        <test-method status="PASS" signature="lifLineService_WhatIsLifeLine()[pri:0, instance:com.assurancewireless.coverageMap.LifeLineserviceTest@50a7bc6e]" name="lifLineService_WhatIsLifeLine" duration-ms="1067" started-at="2020-12-20T19:22:20 EST" finished-at="2020-12-20T19:22:21 EST">
          <reporter-output>
          </reporter-output>
        </test-method> <!-- lifLineService_WhatIsLifeLine -->
        <test-method status="PASS" signature="teardown()[pri:0, instance:com.assurancewireless.coverageMap.LifeLineserviceTest@50a7bc6e]" name="teardown" is-config="true" duration-ms="893" started-at="2020-12-20T19:22:21 EST" finished-at="2020-12-20T19:22:22 EST">
          <reporter-output>
          </reporter-output>
        </test-method> <!-- teardown -->
      </class> <!-- com.assurancewireless.coverageMap.LifeLineserviceTest -->
    </test> <!-- lifeline Test -->
  </suite> <!-- Smoke Suite -->
</testng-results>
