<?xml version="1.0" encoding="UTF-8"?>
<testng-results ignored="0" total="1" passed="1" failed="0" skipped="0">
  <reporter-output>
  </reporter-output>
  <suite started-at="2021-03-28T23:59:29 EDT" name="Default suite" finished-at="2021-03-28T23:59:41 EDT" duration-ms="12010">
    <groups>
    </groups>
    <test started-at="2021-03-28T23:59:29 EDT" name="Default test" finished-at="2021-03-28T23:59:41 EDT" duration-ms="12010">
      <class name="com.assurancewireless.coverageMap.LifeLineserviceTest">
        <test-method is-config="true" signature="setup()[pri:0, instance:com.assurancewireless.coverageMap.LifeLineserviceTest@d86a6f]" started-at="2021-03-28T23:59:29 EDT" name="setup" finished-at="2021-03-28T23:59:40 EDT" duration-ms="11227" status="PASS">
          <reporter-output>
          </reporter-output>
        </test-method> <!-- setup -->
        <test-method signature="lifLineService_WhatIsLifeLine()[pri:0, instance:com.assurancewireless.coverageMap.LifeLineserviceTest@d86a6f]" started-at="2021-03-28T23:59:40 EDT" name="lifLineService_WhatIsLifeLine" finished-at="2021-03-28T23:59:41 EDT" duration-ms="721" status="PASS">
          <reporter-output>
          </reporter-output>
        </test-method> <!-- lifLineService_WhatIsLifeLine -->
      </class> <!-- com.assurancewireless.coverageMap.LifeLineserviceTest -->
    </test> <!-- Default test -->
  </suite> <!-- Default suite -->
</testng-results>
